<?xml version="1.0" encoding="UTF-8"?>
<!-- Generated by org.testng.reporters.JUnitXMLReporter -->
<testsuite hostname="iDeliver20-PC" name="Default test" tests="3" failures="0" timestamp="20 Jan 2020 13:13:18 GMT" time="135.004" errors="0">
  <testcase name="LoginTest" time="36.083" classname="com.eversource.qa.testcases.LoginPageTest"/>
  <testcase name="AccountHistoryTest" time="41.632" classname="com.eversource.qa.testcases.LoginPageTest"/>
  <testcase name="PayBillTest" time="19.552" classname="com.eversource.qa.testcases.LoginPageTest"/>
</testsuite> <!-- Default test -->
