<?xml version="1.0" encoding="UTF-8"?>
<testng-results skipped="0" failed="1" total="6" passed="5">
  <reporter-output>
    <line>
      <![CDATA[Clicked on western massachusetts Link]]>
    </line>
    <line>
      <![CDATA[-----------------------LoginTest--------------]]>
    </line>
    <line>
      <![CDATA[Logging testing with username - perftest1]]>
    </line>
    <line>
      <![CDATA[Logging testing with password - #Eversource1]]>
    </line>
    <line>
      <![CDATA[Successful logging with username -  perftest1]]>
    </line>
    <line>
      <![CDATA[Header TopMenu  is Visible ]]>
    </line>
    <line>
      <![CDATA[Header Menu  is Visible ]]>
    </line>
    <line>
      <![CDATA[-----------------------   EV_Profile_Update_Validation  --------------]]>
    </line>
    <line>
      <![CDATA[EDIT MY PROFILE Page loads successfully   is Visible ]]>
    </line>
    <line>
      <![CDATA[Clicked on western massachusetts Link]]>
    </line>
    <line>
      <![CDATA[----------------------- EV_Login_Validation -------------]]>
    </line>
    <line>
      <![CDATA[Logging testing with username - perftest1]]>
    </line>
    <line>
      <![CDATA[Logging testing with password - #Eversource1]]>
    </line>
    <line>
      <![CDATA[Successful logging with username -  perftest1]]>
    </line>
    <line>
      <![CDATA[Header TopMenu  is Visible ]]>
    </line>
    <line>
      <![CDATA[Header Menu  is Visible ]]>
    </line>
    <line>
      <![CDATA[----------------------- EV_Account_History_Tab_Validation --------------]]>
    </line>
    <line>
      <![CDATA[Account History]]>
    </line>
    <line>
      <![CDATA[Clicked on Account History Link]]>
    </line>
    <line>
      <![CDATA[Header TopMenu  is Visible ]]>
    </line>
    <line>
      <![CDATA[Header Menu  is Visible ]]>
    </line>
    <line>
      <![CDATA[Side Menu  is Visible ]]>
    </line>
    <line>
      <![CDATA[There is data]]>
    </line>
    <line>
      <![CDATA[----------------------- EV_Pay_Bill_Tab_Validation --------------]]>
    </line>
    <line>
      <![CDATA[Pay Bill]]>
    </line>
    <line>
      <![CDATA[Clicked on Pay Bill Link]]>
    </line>
    <line>
      <![CDATA[Header TopMenu  is Visible ]]>
    </line>
    <line>
      <![CDATA[Header Menu  is Visible ]]>
    </line>
    <line>
      <![CDATA[Account Number is 10010730041]]>
    </line>
    <line>
      <![CDATA[Clicked on Aron Payment Method]]>
    </line>
    <line>
      <![CDATA[Account Number  Validation     10010730041 is equal to 10010730041]]>
    </line>
    <line>
      <![CDATA[Due Date  Validation     10/09/2018 is equal to 10/09/2018]]>
    </line>
    <line>
      <![CDATA[Amount Price  Validation     $8,760.60 is equal to $8,760.60]]>
    </line>
    <line>
      <![CDATA[Actual Date  Validation     01/31/2020 is equal to 01/31/2020]]>
    </line>
    <line>
      <![CDATA[--------------------    EV_Outage_Validation   -----------------]]>
    </line>
    <line>
      <![CDATA[Clicked on western massachusetts Link]]>
    </line>
    <line>
      <![CDATA[Header TopMenu  is Visible ]]>
    </line>
    <line>
      <![CDATA[Header Menu  is Visible ]]>
    </line>
  </reporter-output>
  <suite name="Suite" duration-ms="530798" started-at="2020-01-31T12:36:16Z" finished-at="2020-01-31T12:45:07Z">
    <groups>
    </groups>
    <test name="Test" duration-ms="200077" started-at="2020-01-31T12:36:16Z" finished-at="2020-01-31T12:39:36Z">
      <class name="com.eversource.qa.testcases.EditProfileTest">
        <test-method status="PASS" signature="setUp()[pri:0, instance:com.eversource.qa.testcases.EditProfileTest@1d371b2d]" name="setUp" is-config="true" duration-ms="85322" started-at="2020-01-31T18:06:16Z" finished-at="2020-01-31T18:07:41Z">
          <reporter-output>
            <line>
              <![CDATA[Clicked on western massachusetts Link]]>
            </line>
          </reporter-output>
        </test-method> <!-- setUp -->
        <test-method status="PASS" signature="LoginTest()[pri:1, instance:com.eversource.qa.testcases.EditProfileTest@1d371b2d]" name="LoginTest" duration-ms="48548" started-at="2020-01-31T18:07:42Z" finished-at="2020-01-31T18:08:30Z">
          <reporter-output>
            <line>
              <![CDATA[-----------------------LoginTest--------------]]>
            </line>
            <line>
              <![CDATA[Logging testing with username - perftest1]]>
            </line>
            <line>
              <![CDATA[Logging testing with password - #Eversource1]]>
            </line>
            <line>
              <![CDATA[Successful logging with username -  perftest1]]>
            </line>
            <line>
              <![CDATA[Header TopMenu  is Visible ]]>
            </line>
            <line>
              <![CDATA[Header Menu  is Visible ]]>
            </line>
          </reporter-output>
        </test-method> <!-- LoginTest -->
        <test-method status="PASS" signature="ProfileTest()[pri:2, instance:com.eversource.qa.testcases.EditProfileTest@1d371b2d]" name="ProfileTest" duration-ms="54702" started-at="2020-01-31T18:08:30Z" finished-at="2020-01-31T18:09:25Z">
          <reporter-output>
            <line>
              <![CDATA[-----------------------   EV_Profile_Update_Validation  --------------]]>
            </line>
            <line>
              <![CDATA[EDIT MY PROFILE Page loads successfully   is Visible ]]>
            </line>
          </reporter-output>
        </test-method> <!-- ProfileTest -->
        <test-method status="PASS" signature="Flush()[pri:0, instance:com.eversource.qa.testcases.EditProfileTest@1d371b2d]" name="Flush" is-config="true" duration-ms="11182" started-at="2020-01-31T18:09:25Z" finished-at="2020-01-31T18:09:36Z">
          <reporter-output>
          </reporter-output>
        </test-method> <!-- Flush -->
      </class> <!-- com.eversource.qa.testcases.EditProfileTest -->
    </test> <!-- Test -->
    <test name="Test2" duration-ms="188490" started-at="2020-01-31T12:39:37Z" finished-at="2020-01-31T12:42:45Z">
      <class name="com.eversource.qa.testcases.LoginPageTest">
        <test-method status="PASS" signature="setUp()[pri:0, instance:com.eversource.qa.testcases.LoginPageTest@544a2ea6]" name="setUp" is-config="true" duration-ms="69616" started-at="2020-01-31T18:09:37Z" finished-at="2020-01-31T18:10:46Z">
          <reporter-output>
            <line>
              <![CDATA[Clicked on western massachusetts Link]]>
            </line>
          </reporter-output>
        </test-method> <!-- setUp -->
        <test-method status="PASS" signature="LoginTest()[pri:1, instance:com.eversource.qa.testcases.LoginPageTest@544a2ea6]" name="LoginTest" duration-ms="28004" started-at="2020-01-31T18:10:46Z" finished-at="2020-01-31T18:11:14Z">
          <reporter-output>
            <line>
              <![CDATA[----------------------- EV_Login_Validation -------------]]>
            </line>
            <line>
              <![CDATA[Logging testing with username - perftest1]]>
            </line>
            <line>
              <![CDATA[Logging testing with password - #Eversource1]]>
            </line>
            <line>
              <![CDATA[Successful logging with username -  perftest1]]>
            </line>
            <line>
              <![CDATA[Header TopMenu  is Visible ]]>
            </line>
            <line>
              <![CDATA[Header Menu  is Visible ]]>
            </line>
          </reporter-output>
        </test-method> <!-- LoginTest -->
        <test-method status="PASS" signature="AccountHistoryTest()[pri:2, instance:com.eversource.qa.testcases.LoginPageTest@544a2ea6]" name="AccountHistoryTest" duration-ms="49945" started-at="2020-01-31T18:11:14Z" finished-at="2020-01-31T18:12:04Z">
          <reporter-output>
            <line>
              <![CDATA[----------------------- EV_Account_History_Tab_Validation --------------]]>
            </line>
            <line>
              <![CDATA[Account History]]>
            </line>
            <line>
              <![CDATA[Clicked on Account History Link]]>
            </line>
            <line>
              <![CDATA[Header TopMenu  is Visible ]]>
            </line>
            <line>
              <![CDATA[Header Menu  is Visible ]]>
            </line>
            <line>
              <![CDATA[Side Menu  is Visible ]]>
            </line>
            <line>
              <![CDATA[There is data]]>
            </line>
          </reporter-output>
        </test-method> <!-- AccountHistoryTest -->
        <test-method status="PASS" signature="PayBillTest()[pri:3, instance:com.eversource.qa.testcases.LoginPageTest@544a2ea6]" name="PayBillTest" duration-ms="40332" started-at="2020-01-31T18:12:04Z" finished-at="2020-01-31T18:12:45Z">
          <reporter-output>
            <line>
              <![CDATA[----------------------- EV_Pay_Bill_Tab_Validation --------------]]>
            </line>
            <line>
              <![CDATA[Pay Bill]]>
            </line>
            <line>
              <![CDATA[Clicked on Pay Bill Link]]>
            </line>
            <line>
              <![CDATA[Header TopMenu  is Visible ]]>
            </line>
            <line>
              <![CDATA[Header Menu  is Visible ]]>
            </line>
            <line>
              <![CDATA[Account Number is 10010730041]]>
            </line>
            <line>
              <![CDATA[Clicked on Aron Payment Method]]>
            </line>
            <line>
              <![CDATA[Account Number  Validation     10010730041 is equal to 10010730041]]>
            </line>
            <line>
              <![CDATA[Due Date  Validation     10/09/2018 is equal to 10/09/2018]]>
            </line>
            <line>
              <![CDATA[Amount Price  Validation     $8,760.60 is equal to $8,760.60]]>
            </line>
            <line>
              <![CDATA[Actual Date  Validation     01/31/2020 is equal to 01/31/2020]]>
            </line>
          </reporter-output>
        </test-method> <!-- PayBillTest -->
        <test-method status="PASS" signature="Flush()[pri:0, instance:com.eversource.qa.testcases.LoginPageTest@544a2ea6]" name="Flush" is-config="true" duration-ms="582" started-at="2020-01-31T18:12:45Z" finished-at="2020-01-31T18:12:45Z">
          <reporter-output>
          </reporter-output>
        </test-method> <!-- Flush -->
      </class> <!-- com.eversource.qa.testcases.LoginPageTest -->
    </test> <!-- Test2 -->
    <test name="Test3" duration-ms="141419" started-at="2020-01-31T12:42:45Z" finished-at="2020-01-31T12:45:07Z">
      <class name="com.eversource.qa.testcases.OutageStormTest">
        <test-method status="PASS" signature="setup()[pri:0, instance:com.eversource.qa.testcases.OutageStormTest@43a0cee9]" name="setup" is-config="true" duration-ms="43717" started-at="2020-01-31T18:12:45Z" finished-at="2020-01-31T18:13:29Z">
          <reporter-output>
          </reporter-output>
        </test-method> <!-- setup -->
        <test-method status="FAIL" signature="stormOutage()[pri:0, instance:com.eversource.qa.testcases.OutageStormTest@43a0cee9]" name="stormOutage" duration-ms="93283" started-at="2020-01-31T18:13:29Z" finished-at="2020-01-31T18:15:02Z">
          <exception class="org.openqa.selenium.TimeoutException">
            <message>
              <![CDATA[timeout
  (Session info: chrome=79.0.3945.130)
Build info: version: '3.141.59', revision: 'e82be7d358', time: '2018-11-14T08:17:03'
System info: host: 'IDELIVER20-PC', ip: '10.4.64.11', os.name: 'Windows 10', os.arch: 'amd64', os.version: '10.0', java.version: '1.8.0_231'
Driver info: org.openqa.selenium.chrome.ChromeDriver
Capabilities {acceptInsecureCerts: false, browserName: chrome, browserVersion: 79.0.3945.130, chrome: {chromedriverVersion: 78.0.3904.70 (edb9c9f3de024..., userDataDir: C:\Users\IDELIV~1\AppData\L...}, goog:chromeOptions: {debuggerAddress: localhost:61525}, javascriptEnabled: true, networkConnectionEnabled: false, pageLoadStrategy: normal, platform: XP, platformName: XP, proxy: Proxy(), setWindowRect: true, strictFileInteractability: false, timeouts: {implicit: 0, pageLoad: 300000, script: 30000}, unhandledPromptBehavior: dismiss and notify}
Session ID: 9aafe4d8953b420319aba99b95161764]]>
            </message>
            <full-stacktrace>
              <![CDATA[org.openqa.selenium.TimeoutException: timeout
  (Session info: chrome=79.0.3945.130)
Build info: version: '3.141.59', revision: 'e82be7d358', time: '2018-11-14T08:17:03'
System info: host: 'IDELIVER20-PC', ip: '10.4.64.11', os.name: 'Windows 10', os.arch: 'amd64', os.version: '10.0', java.version: '1.8.0_231'
Driver info: org.openqa.selenium.chrome.ChromeDriver
Capabilities {acceptInsecureCerts: false, browserName: chrome, browserVersion: 79.0.3945.130, chrome: {chromedriverVersion: 78.0.3904.70 (edb9c9f3de024..., userDataDir: C:\Users\IDELIV~1\AppData\L...}, goog:chromeOptions: {debuggerAddress: localhost:61525}, javascriptEnabled: true, networkConnectionEnabled: false, pageLoadStrategy: normal, platform: XP, platformName: XP, proxy: Proxy(), setWindowRect: true, strictFileInteractability: false, timeouts: {implicit: 0, pageLoad: 300000, script: 30000}, unhandledPromptBehavior: dismiss and notify}
Session ID: 9aafe4d8953b420319aba99b95161764
	at sun.reflect.NativeConstructorAccessorImpl.newInstance0(Native Method)
	at sun.reflect.NativeConstructorAccessorImpl.newInstance(Unknown Source)
	at sun.reflect.DelegatingConstructorAccessorImpl.newInstance(Unknown Source)
	at java.lang.reflect.Constructor.newInstance(Unknown Source)
	at org.openqa.selenium.remote.http.W3CHttpResponseCodec.createException(W3CHttpResponseCodec.java:187)
	at org.openqa.selenium.remote.http.W3CHttpResponseCodec.decode(W3CHttpResponseCodec.java:122)
	at org.openqa.selenium.remote.http.W3CHttpResponseCodec.decode(W3CHttpResponseCodec.java:49)
	at org.openqa.selenium.remote.HttpCommandExecutor.execute(HttpCommandExecutor.java:158)
	at org.openqa.selenium.remote.service.DriverCommandExecutor.execute(DriverCommandExecutor.java:83)
	at org.openqa.selenium.remote.RemoteWebDriver.execute(RemoteWebDriver.java:552)
	at org.openqa.selenium.remote.RemoteWebElement.execute(RemoteWebElement.java:285)
	at org.openqa.selenium.remote.RemoteWebElement.click(RemoteWebElement.java:84)
	at sun.reflect.GeneratedMethodAccessor9.invoke(Unknown Source)
	at sun.reflect.DelegatingMethodAccessorImpl.invoke(Unknown Source)
	at java.lang.reflect.Method.invoke(Unknown Source)
	at org.openqa.selenium.support.events.EventFiringWebDriver$EventFiringWebElement.lambda$new$0(EventFiringWebDriver.java:404)
	at com.sun.proxy.$Proxy13.click(Unknown Source)
	at org.openqa.selenium.support.events.EventFiringWebDriver$EventFiringWebElement.click(EventFiringWebDriver.java:417)
	at sun.reflect.GeneratedMethodAccessor9.invoke(Unknown Source)
	at sun.reflect.DelegatingMethodAccessorImpl.invoke(Unknown Source)
	at java.lang.reflect.Method.invoke(Unknown Source)
	at org.openqa.selenium.support.pagefactory.internal.LocatingElementHandler.invoke(LocatingElementHandler.java:51)
	at com.sun.proxy.$Proxy11.click(Unknown Source)
	at com.eversource.qa.pages.OutagesAndStormsPage.OutageStorm(OutagesAndStormsPage.java:54)
	at com.eversource.qa.testcases.OutageStormTest.stormOutage(OutageStormTest.java:33)
	at sun.reflect.NativeMethodAccessorImpl.invoke0(Native Method)
	at sun.reflect.NativeMethodAccessorImpl.invoke(Unknown Source)
	at sun.reflect.DelegatingMethodAccessorImpl.invoke(Unknown Source)
	at java.lang.reflect.Method.invoke(Unknown Source)
	at org.testng.internal.MethodInvocationHelper.invokeMethod(MethodInvocationHelper.java:86)
	at org.testng.internal.Invoker.invokeMethod(Invoker.java:643)
	at org.testng.internal.Invoker.invokeTestMethod(Invoker.java:820)
	at org.testng.internal.Invoker.invokeTestMethods(Invoker.java:1128)
	at org.testng.internal.TestMethodWorker.invokeTestMethods(TestMethodWorker.java:129)
	at org.testng.internal.TestMethodWorker.run(TestMethodWorker.java:112)
	at java.util.concurrent.ThreadPoolExecutor.runWorker(Unknown Source)
	at java.util.concurrent.ThreadPoolExecutor$Worker.run(Unknown Source)
	at java.lang.Thread.run(Unknown Source)
]]>
            </full-stacktrace>
          </exception> <!-- org.openqa.selenium.TimeoutException -->
          <reporter-output>
            <line>
              <![CDATA[--------------------    EV_Outage_Validation   -----------------]]>
            </line>
            <line>
              <![CDATA[Clicked on western massachusetts Link]]>
            </line>
            <line>
              <![CDATA[Header TopMenu  is Visible ]]>
            </line>
            <line>
              <![CDATA[Header Menu  is Visible ]]>
            </line>
          </reporter-output>
        </test-method> <!-- stormOutage -->
        <test-method status="PASS" signature="Flush()[pri:0, instance:com.eversource.qa.testcases.OutageStormTest@43a0cee9]" name="Flush" is-config="true" duration-ms="4377" started-at="2020-01-31T18:15:02Z" finished-at="2020-01-31T18:15:07Z">
          <reporter-output>
          </reporter-output>
        </test-method> <!-- Flush -->
      </class> <!-- com.eversource.qa.testcases.OutageStormTest -->
    </test> <!-- Test3 -->
  </suite> <!-- Suite -->
</testng-results>
