<?xml version="1.0" encoding="UTF-8"?>
<testng-results skipped="0" failed="0" total="3" passed="3">
  <reporter-output>
    <line>
      <![CDATA[----------------------- EV_Login_Validation -------------]]>
    </line>
    <line>
      <![CDATA[Clicked on New Hampshire Link]]>
    </line>
    <line>
      <![CDATA[Logging testing with username - perftest1]]>
    </line>
    <line>
      <![CDATA[Logging testing with password - #Eversource1]]>
    </line>
    <line>
      <![CDATA[Header TopMenu Validation is Visible ]]>
    </line>
    <line>
      <![CDATA[Header Menu Validation is Visible ]]>
    </line>
    <line>
      <![CDATA[Successful logging with username -  perftest1]]>
    </line>
    <line>
      <![CDATA[----------------------- EV_Account_History_Tab_Validation --------------]]>
    </line>
    <line>
      <![CDATA[Account History]]>
    </line>
    <line>
      <![CDATA[Clicked on Account History Link]]>
    </line>
    <line>
      <![CDATA[Header TopMenu Validation is Visible ]]>
    </line>
    <line>
      <![CDATA[Header Menu Validation is Visible ]]>
    </line>
    <line>
      <![CDATA[Side Menu Validation is Visible ]]>
    </line>
    <line>
      <![CDATA[There is data]]>
    </line>
    <line>
      <![CDATA[----------------------- EV_Pay_Bill_Tab_Validation --------------]]>
    </line>
    <line>
      <![CDATA[Pay Bill]]>
    </line>
    <line>
      <![CDATA[Clicked on Pay Bill Link]]>
    </line>
    <line>
      <![CDATA[Header TopMenu Validation is Visible ]]>
    </line>
    <line>
      <![CDATA[Header Menu Validation is Visible ]]>
    </line>
    <line>
      <![CDATA[Account Number is 10010730041]]>
    </line>
    <line>
      <![CDATA[Clicked on Aron Payment Method]]>
    </line>
    <line>
      <![CDATA[Account Number  Validation     10010730041 is equal to 10010730041]]>
    </line>
    <line>
      <![CDATA[Due Date  Validation     10/09/2018 is equal to 10/09/2018]]>
    </line>
    <line>
      <![CDATA[Amount Price  Validation     $8,760.60 is equal to $8,760.60]]>
    </line>
    <line>
      <![CDATA[Actual Date  Validation     01/27/2020 is equal to 01/27/2020]]>
    </line>
  </reporter-output>
  <suite name="Default suite" duration-ms="209729" started-at="2020-01-27T14:24:19Z" finished-at="2020-01-27T14:27:48Z">
    <groups>
    </groups>
    <test name="Default test" duration-ms="209729" started-at="2020-01-27T14:24:19Z" finished-at="2020-01-27T14:27:48Z">
      <class name="com.eversource.qa.testcases.LoginPageTest">
        <test-method status="PASS" signature="setUp()[pri:0, instance:com.eversource.qa.testcases.LoginPageTest@4d5650ae]" name="setUp" is-config="true" duration-ms="42208" started-at="2020-01-27T19:54:19Z" finished-at="2020-01-27T19:55:01Z">
          <reporter-output>
          </reporter-output>
        </test-method> <!-- setUp -->
        <test-method status="PASS" signature="LoginTest()[pri:1, instance:com.eversource.qa.testcases.LoginPageTest@4d5650ae]" name="LoginTest" duration-ms="29228" started-at="2020-01-27T19:55:01Z" finished-at="2020-01-27T19:55:30Z">
          <reporter-output>
            <line>
              <![CDATA[----------------------- EV_Login_Validation -------------]]>
            </line>
            <line>
              <![CDATA[Clicked on New Hampshire Link]]>
            </line>
            <line>
              <![CDATA[Logging testing with username - perftest1]]>
            </line>
            <line>
              <![CDATA[Logging testing with password - #Eversource1]]>
            </line>
            <line>
              <![CDATA[Header TopMenu Validation is Visible ]]>
            </line>
            <line>
              <![CDATA[Header Menu Validation is Visible ]]>
            </line>
            <line>
              <![CDATA[Successful logging with username -  perftest1]]>
            </line>
          </reporter-output>
        </test-method> <!-- LoginTest -->
        <test-method status="PASS" signature="AccountHistoryTest()[pri:2, instance:com.eversource.qa.testcases.LoginPageTest@4d5650ae]" name="AccountHistoryTest" duration-ms="117504" started-at="2020-01-27T19:55:30Z" finished-at="2020-01-27T19:57:28Z">
          <reporter-output>
            <line>
              <![CDATA[----------------------- EV_Account_History_Tab_Validation --------------]]>
            </line>
            <line>
              <![CDATA[Account History]]>
            </line>
            <line>
              <![CDATA[Clicked on Account History Link]]>
            </line>
            <line>
              <![CDATA[Header TopMenu Validation is Visible ]]>
            </line>
            <line>
              <![CDATA[Header Menu Validation is Visible ]]>
            </line>
            <line>
              <![CDATA[Side Menu Validation is Visible ]]>
            </line>
            <line>
              <![CDATA[There is data]]>
            </line>
          </reporter-output>
        </test-method> <!-- AccountHistoryTest -->
        <test-method status="PASS" signature="PayBillTest()[pri:3, instance:com.eversource.qa.testcases.LoginPageTest@4d5650ae]" name="PayBillTest" duration-ms="19643" started-at="2020-01-27T19:57:28Z" finished-at="2020-01-27T19:57:47Z">
          <reporter-output>
            <line>
              <![CDATA[----------------------- EV_Pay_Bill_Tab_Validation --------------]]>
            </line>
            <line>
              <![CDATA[Pay Bill]]>
            </line>
            <line>
              <![CDATA[Clicked on Pay Bill Link]]>
            </line>
            <line>
              <![CDATA[Header TopMenu Validation is Visible ]]>
            </line>
            <line>
              <![CDATA[Header Menu Validation is Visible ]]>
            </line>
            <line>
              <![CDATA[Account Number is 10010730041]]>
            </line>
            <line>
              <![CDATA[Clicked on Aron Payment Method]]>
            </line>
            <line>
              <![CDATA[Account Number  Validation     10010730041 is equal to 10010730041]]>
            </line>
            <line>
              <![CDATA[Due Date  Validation     10/09/2018 is equal to 10/09/2018]]>
            </line>
            <line>
              <![CDATA[Amount Price  Validation     $8,760.60 is equal to $8,760.60]]>
            </line>
            <line>
              <![CDATA[Actual Date  Validation     01/27/2020 is equal to 01/27/2020]]>
            </line>
          </reporter-output>
        </test-method> <!-- PayBillTest -->
        <test-method status="PASS" signature="Flush()[pri:0, instance:com.eversource.qa.testcases.LoginPageTest@4d5650ae]" name="Flush" is-config="true" duration-ms="1096" started-at="2020-01-27T19:57:47Z" finished-at="2020-01-27T19:57:48Z">
          <reporter-output>
          </reporter-output>
        </test-method> <!-- Flush -->
      </class> <!-- com.eversource.qa.testcases.LoginPageTest -->
    </test> <!-- Default test -->
  </suite> <!-- Default suite -->
</testng-results>
