<?xml version="1.0" encoding="UTF-8"?>
<testng-results skipped="5" failed="0" total="5" passed="0">
  <reporter-output>
  </reporter-output>
  <suite name="Suite" duration-ms="28761" started-at="2020-01-30T15:23:33Z" finished-at="2020-01-30T15:24:02Z">
    <groups>
    </groups>
    <test name="Test" duration-ms="28761" started-at="2020-01-30T15:23:33Z" finished-at="2020-01-30T15:24:02Z">
      <class name="com.eversource.qa.testcases.LoginPageTest">
        <test-method status="SKIP" signature="LoginTest()[pri:1, instance:com.eversource.qa.testcases.LoginPageTest@13eb8acf]" name="LoginTest" duration-ms="22" started-at="2020-01-30T20:54:02Z" finished-at="2020-01-30T20:54:02Z">
          <reporter-output>
          </reporter-output>
        </test-method> <!-- LoginTest -->
        <test-method status="SKIP" signature="AccountHistoryTest()[pri:2, instance:com.eversource.qa.testcases.LoginPageTest@13eb8acf]" name="AccountHistoryTest" duration-ms="2" started-at="2020-01-30T20:54:02Z" finished-at="2020-01-30T20:54:02Z">
          <reporter-output>
          </reporter-output>
        </test-method> <!-- AccountHistoryTest -->
        <test-method status="SKIP" signature="PayBillTest()[pri:3, instance:com.eversource.qa.testcases.LoginPageTest@13eb8acf]" name="PayBillTest" duration-ms="2" started-at="2020-01-30T20:54:02Z" finished-at="2020-01-30T20:54:02Z">
          <reporter-output>
          </reporter-output>
        </test-method> <!-- PayBillTest -->
      </class> <!-- com.eversource.qa.testcases.LoginPageTest -->
      <class name="com.eversource.qa.testcases.EditProfileTest">
        <test-method status="FAIL" signature="setUp()[pri:0, instance:com.eversource.qa.testcases.EditProfileTest@543c6f6d]" name="setUp" is-config="true" duration-ms="0" started-at="2020-01-30T20:53:33Z" finished-at="2020-01-30T20:53:33Z">
          <exception class="java.lang.AssertionError">
            <message>
              <![CDATA[expected [Eversource | Residential] but found [Eversource Maintenance Page]]]>
            </message>
            <full-stacktrace>
              <![CDATA[java.lang.AssertionError: expected [Eversource | Residential] but found [Eversource Maintenance Page]
	at org.testng.Assert.fail(Assert.java:94)
	at org.testng.Assert.failNotEquals(Assert.java:513)
	at org.testng.Assert.assertEqualsImpl(Assert.java:135)
	at org.testng.Assert.assertEquals(Assert.java:116)
	at org.testng.Assert.assertEquals(Assert.java:190)
	at org.testng.Assert.assertEquals(Assert.java:200)
	at com.eversource.qa.util.Extent_reporter.validation(Extent_reporter.java:107)
	at com.eversource.qa.base.TestBase.initialization(TestBase.java:104)
	at com.eversource.qa.testcases.EditProfileTest.setUp(EditProfileTest.java:26)
	at sun.reflect.NativeMethodAccessorImpl.invoke0(Native Method)
	at sun.reflect.NativeMethodAccessorImpl.invoke(Unknown Source)
	at sun.reflect.DelegatingMethodAccessorImpl.invoke(Unknown Source)
	at java.lang.reflect.Method.invoke(Unknown Source)
	at org.testng.internal.MethodInvocationHelper.invokeMethod(MethodInvocationHelper.java:86)
	at org.testng.internal.Invoker.invokeConfigurationMethod(Invoker.java:514)
	at org.testng.internal.Invoker.invokeConfigurations(Invoker.java:215)
	at org.testng.internal.Invoker.invokeConfigurations(Invoker.java:142)
	at org.testng.TestRunner.beforeRun(TestRunner.java:656)
	at org.testng.TestRunner.run(TestRunner.java:624)
	at org.testng.SuiteRunner.runTest(SuiteRunner.java:366)
	at org.testng.SuiteRunner.runSequentially(SuiteRunner.java:361)
	at org.testng.SuiteRunner.privateRun(SuiteRunner.java:319)
	at org.testng.SuiteRunner.run(SuiteRunner.java:268)
	at org.testng.SuiteRunnerWorker.runSuite(SuiteRunnerWorker.java:52)
	at org.testng.SuiteRunnerWorker.run(SuiteRunnerWorker.java:86)
	at org.testng.TestNG.runSuitesSequentially(TestNG.java:1244)
	at org.testng.TestNG.runSuitesLocally(TestNG.java:1169)
	at org.testng.TestNG.run(TestNG.java:1064)
	at org.testng.remote.AbstractRemoteTestNG.run(AbstractRemoteTestNG.java:126)
	at org.testng.remote.RemoteTestNG.initAndRun(RemoteTestNG.java:152)
	at org.testng.remote.RemoteTestNG.main(RemoteTestNG.java:57)
]]>
            </full-stacktrace>
          </exception> <!-- java.lang.AssertionError -->
          <reporter-output>
          </reporter-output>
        </test-method> <!-- setUp -->
        <test-method status="SKIP" signature="setUp()[pri:0, instance:com.eversource.qa.testcases.LoginPageTest@13eb8acf]" name="setUp" is-config="true" duration-ms="0" started-at="2020-01-30T20:54:01Z" finished-at="2020-01-30T20:54:01Z">
          <reporter-output>
          </reporter-output>
        </test-method> <!-- setUp -->
        <test-method status="SKIP" signature="LoginTest()[pri:1, instance:com.eversource.qa.testcases.EditProfileTest@543c6f6d]" name="LoginTest" duration-ms="19" started-at="2020-01-30T20:54:02Z" finished-at="2020-01-30T20:54:02Z">
          <reporter-output>
          </reporter-output>
        </test-method> <!-- LoginTest -->
        <test-method status="SKIP" signature="ProfileTest()[pri:2, instance:com.eversource.qa.testcases.EditProfileTest@543c6f6d]" name="ProfileTest" duration-ms="8" started-at="2020-01-30T20:54:02Z" finished-at="2020-01-30T20:54:02Z">
          <reporter-output>
          </reporter-output>
        </test-method> <!-- ProfileTest -->
        <test-method status="SKIP" signature="Flush()[pri:0, instance:com.eversource.qa.testcases.EditProfileTest@543c6f6d]" name="Flush" is-config="true" duration-ms="0" started-at="2020-01-30T20:54:02Z" finished-at="2020-01-30T20:54:02Z">
          <reporter-output>
          </reporter-output>
        </test-method> <!-- Flush -->
        <test-method status="SKIP" signature="Flush()[pri:0, instance:com.eversource.qa.testcases.LoginPageTest@13eb8acf]" name="Flush" is-config="true" duration-ms="0" started-at="2020-01-30T20:54:02Z" finished-at="2020-01-30T20:54:02Z">
          <reporter-output>
          </reporter-output>
        </test-method> <!-- Flush -->
      </class> <!-- com.eversource.qa.testcases.EditProfileTest -->
    </test> <!-- Test -->
  </suite> <!-- Suite -->
</testng-results>
