<?xml version="1.0" encoding="UTF-8"?>
<!-- Generated by org.testng.reporters.JUnitXMLReporter -->
<testsuite hostname="iDeliver20-PC" name="Test" tests="3" failures="0" timestamp="28 Jan 2020 15:39:49 GMT" time="146.332" errors="0">
  <testcase name="LoginTest" time="33.117" classname="com.eversource.qa.testcases.LoginPageTest"/>
  <testcase name="AccountHistoryTest" time="37.12" classname="com.eversource.qa.testcases.LoginPageTest"/>
  <testcase name="PayBillTest" time="21.937" classname="com.eversource.qa.testcases.LoginPageTest"/>
</testsuite> <!-- Test -->
