<?xml version="1.0" encoding="UTF-8"?>
<!-- Generated by org.testng.reporters.JUnitXMLReporter -->
<testsuite hostname="iDeliver20-PC" name="Test" tests="5" failures="0" timestamp="30 Jan 2020 15:24:02 GMT" time="28.761" errors="0">
  <testcase name="@BeforeTest setUp" time="0.0" classname="com.eversource.qa.testcases.EditProfileTest">
    <failure type="java.lang.AssertionError" message="expected [Eversource | Residential] but found [Eversource Maintenance Page]">
      <![CDATA[java.lang.AssertionError: expected [Eversource | Residential] but found [Eversource Maintenance Page]
	at com.eversource.qa.util.Extent_reporter.validation(Extent_reporter.java:107)
	at com.eversource.qa.base.TestBase.initialization(TestBase.java:104)
	at com.eversource.qa.testcases.EditProfileTest.setUp(EditProfileTest.java:26)
... Removed 28 stack frames]]>
    </failure>
  </testcase> <!-- @BeforeTest setUp -->
  <testcase name="@BeforeTest setUp" time="0.0" classname="com.eversource.qa.testcases.EditProfileTest">
    <skipped/>
  </testcase> <!-- @BeforeTest setUp -->
  <testcase name="@AfterTest Flush" time="0.0" classname="com.eversource.qa.testcases.EditProfileTest">
    <skipped/>
  </testcase> <!-- @AfterTest Flush -->
  <testcase name="@AfterTest Flush" time="0.0" classname="com.eversource.qa.testcases.EditProfileTest">
    <skipped/>
  </testcase> <!-- @AfterTest Flush -->
  <testcase name="LoginTest" time="0.019" classname="com.eversource.qa.testcases.EditProfileTest">
    <skipped/>
  </testcase> <!-- LoginTest -->
  <testcase name="LoginTest" time="0.022" classname="com.eversource.qa.testcases.LoginPageTest">
    <skipped/>
  </testcase> <!-- LoginTest -->
  <testcase name="ProfileTest" time="0.008" classname="com.eversource.qa.testcases.EditProfileTest">
    <skipped/>
  </testcase> <!-- ProfileTest -->
  <testcase name="AccountHistoryTest" time="0.002" classname="com.eversource.qa.testcases.LoginPageTest">
    <skipped/>
  </testcase> <!-- AccountHistoryTest -->
  <testcase name="PayBillTest" time="0.002" classname="com.eversource.qa.testcases.LoginPageTest">
    <skipped/>
  </testcase> <!-- PayBillTest -->
</testsuite> <!-- Test -->
